<?xml version="1.0" encoding="UTF-8"?>
<testsuite name="회원가입" tests="1" skipped="0" failures="0" errors="0" timestamp="2022-02-03T08:27:24" hostname="DESKTOP-44P6V17" time="0.002">
  <properties/>
  <testcase name="정상 케이스" classname="com.example.chwblog.model.UserTest$CreateUser" time="0.002"/>
  <system-out><![CDATA[]]></system-out>
  <system-err><![CDATA[]]></system-err>
</testsuite>
