<?xml version="1.0" encoding="UTF-8"?>
<testsuite name="com.example.chwblog.ChwblogApplicationTests" tests="1" skipped="0" failures="0" errors="0" timestamp="2022-02-03T08:27:24" hostname="DESKTOP-44P6V17" time="0.075">
  <properties/>
  <testcase name="contextLoads()" classname="com.example.chwblog.ChwblogApplicationTests" time="0.075"/>
  <system-out><![CDATA[17:27:19.869 [Test worker] DEBUG org.springframework.test.context.BootstrapUtils - Instantiating CacheAwareContextLoaderDelegate from class [org.springframework.test.context.cache.DefaultCacheAwareContextLoaderDelegate]
17:27:19.878 [Test worker] DEBUG org.springframework.test.context.BootstrapUtils - Instantiating BootstrapContext using constructor [public org.springframework.test.context.support.DefaultBootstrapContext(java.lang.Class,org.springframework.test.context.CacheAwareContextLoaderDelegate)]
17:27:19.908 [Test worker] DEBUG org.springframework.test.context.BootstrapUtils - Instantiating TestContextBootstrapper for test class [com.example.chwblog.ChwblogApplicationTests] from class [org.springframework.boot.test.context.SpringBootTestContextBootstrapper]
17:27:19.918 [Test worker] INFO org.springframework.boot.test.context.SpringBootTestContextBootstrapper - Neither @ContextConfiguration nor @ContextHierarchy found for test class [com.example.chwblog.ChwblogApplicationTests], using SpringBootContextLoader
17:27:19.922 [Test worker] DEBUG org.springframework.test.context.support.AbstractContextLoader - Did not detect default resource location for test class [com.example.chwblog.ChwblogApplicationTests]: class path resource [com/example/chwblog/ChwblogApplicationTests-context.xml] does not exist
17:27:19.922 [Test worker] DEBUG org.springframework.test.context.support.AbstractContextLoader - Did not detect default resource location for test class [com.example.chwblog.ChwblogApplicationTests]: class path resource [com/example/chwblog/ChwblogApplicationTestsContext.groovy] does not exist
17:27:19.922 [Test worker] INFO org.springframework.test.context.support.AbstractContextLoader - Could not detect default resource locations for test class [com.example.chwblog.ChwblogApplicationTests]: no resource found for suffixes {-context.xml, Context.groovy}.
17:27:19.923 [Test worker] INFO org.springframework.test.context.support.AnnotationConfigContextLoaderUtils - Could not detect default configuration classes for test class [com.example.chwblog.ChwblogApplicationTests]: ChwblogApplicationTests does not declare any static, non-private, non-final, nested classes annotated with @Configuration.
17:27:19.962 [Test worker] DEBUG org.springframework.test.context.support.ActiveProfilesUtils - Could not find an 'annotation declaring class' for annotation type [org.springframework.test.context.ActiveProfiles] and class [com.example.chwblog.ChwblogApplicationTests]
17:27:20.007 [Test worker] DEBUG org.springframework.context.annotation.ClassPathScanningCandidateComponentProvider - Identified candidate component class: file [C:\Users\Dell\chw-owo\chwblog\build\classes\java\main\com\example\chwblog\ChwblogApplication.class]
17:27:20.010 [Test worker] INFO org.springframework.boot.test.context.SpringBootTestContextBootstrapper - Found @SpringBootConfiguration com.example.chwblog.ChwblogApplication for test class com.example.chwblog.ChwblogApplicationTests
17:27:20.091 [Test worker] DEBUG org.springframework.boot.test.context.SpringBootTestContextBootstrapper - @TestExecutionListeners is not present for class [com.example.chwblog.ChwblogApplicationTests]: using defaults.
17:27:20.092 [Test worker] INFO org.springframework.boot.test.context.SpringBootTestContextBootstrapper - Loaded default TestExecutionListener class names from location [META-INF/spring.factories]: [org.springframework.boot.test.autoconfigure.restdocs.RestDocsTestExecutionListener, org.springframework.boot.test.autoconfigure.web.client.MockRestServiceServerResetTestExecutionListener, org.springframework.boot.test.autoconfigure.web.servlet.MockMvcPrintOnlyOnFailureTestExecutionListener, org.springframework.boot.test.autoconfigure.web.servlet.WebDriverTestExecutionListener, org.springframework.boot.test.autoconfigure.webservices.client.MockWebServiceServerTestExecutionListener, org.springframework.boot.test.mock.mockito.MockitoTestExecutionListener, org.springframework.boot.test.mock.mockito.ResetMocksTestExecutionListener, org.springframework.test.context.web.ServletTestExecutionListener, org.springframework.test.context.support.DirtiesContextBeforeModesTestExecutionListener, org.springframework.test.context.event.ApplicationEventsTestExecutionListener, org.springframework.test.context.support.DependencyInjectionTestExecutionListener, org.springframework.test.context.support.DirtiesContextTestExecutionListener, org.springframework.test.context.transaction.TransactionalTestExecutionListener, org.springframework.test.context.jdbc.SqlScriptsTestExecutionListener, org.springframework.test.context.event.EventPublishingTestExecutionListener]
17:27:20.109 [Test worker] INFO org.springframework.boot.test.context.SpringBootTestContextBootstrapper - Using TestExecutionListeners: [org.springframework.test.context.web.ServletTestExecutionListener@2766ca9d, org.springframework.test.context.support.DirtiesContextBeforeModesTestExecutionListener@5460cf3a, org.springframework.test.context.event.ApplicationEventsTestExecutionListener@65a15628, org.springframework.boot.test.mock.mockito.MockitoTestExecutionListener@2e6a5539, org.springframework.boot.test.autoconfigure.SpringBootDependencyInjectionTestExecutionListener@3fc9504b, org.springframework.test.context.support.DirtiesContextTestExecutionListener@6d025197, org.springframework.test.context.transaction.TransactionalTestExecutionListener@27d4a09, org.springframework.test.context.jdbc.SqlScriptsTestExecutionListener@7e4204e2, org.springframework.test.context.event.EventPublishingTestExecutionListener@b7c4869, org.springframework.boot.test.autoconfigure.restdocs.RestDocsTestExecutionListener@740d2e78, org.springframework.boot.test.autoconfigure.web.client.MockRestServiceServerResetTestExecutionListener@1c481ff2, org.springframework.boot.test.autoconfigure.web.servlet.MockMvcPrintOnlyOnFailureTestExecutionListener@72437d8d, org.springframework.boot.test.autoconfigure.web.servlet.WebDriverTestExecutionListener@1b955cac, org.springframework.boot.test.autoconfigure.webservices.client.MockWebServiceServerTestExecutionListener@676cf48, org.springframework.boot.test.mock.mockito.ResetMocksTestExecutionListener@5a1de7fb]
17:27:20.112 [Test worker] DEBUG org.springframework.test.context.support.AbstractDirtiesContextTestExecutionListener - Before test class: context [DefaultTestContext@7f132176 testClass = ChwblogApplicationTests, testInstance = [null], testMethod = [null], testException = [null], mergedContextConfiguration = [WebMergedContextConfiguration@6bca7e0d testClass = ChwblogApplicationTests, locations = '{}', classes = '{class com.example.chwblog.ChwblogApplication}', contextInitializerClasses = '[]', activeProfiles = '{}', propertySourceLocations = '{}', propertySourceProperties = '{org.springframework.boot.test.context.SpringBootTestContextBootstrapper=true}', contextCustomizers = set[org.springframework.boot.test.autoconfigure.actuate.metrics.MetricsExportContextCustomizerFactory$DisableMetricExportContextCustomizer@73eb439a, org.springframework.boot.test.autoconfigure.properties.PropertyMappingContextCustomizer@0, org.springframework.boot.test.autoconfigure.web.servlet.WebDriverContextCustomizerFactory$Customizer@5a59ca5e, org.springframework.boot.test.context.filter.ExcludeFilterContextCustomizer@4f32a3ad, org.springframework.boot.test.json.DuplicateJsonObjectContextCustomizerFactory$DuplicateJsonObjectContextCustomizer@6f53b8a, org.springframework.boot.test.mock.mockito.MockitoContextCustomizer@0, org.springframework.boot.test.web.client.TestRestTemplateContextCustomizer@338fc1d8, org.springframework.boot.test.context.SpringBootTestArgs@1, org.springframework.boot.test.context.SpringBootTestWebEnvironment@1677d1], resourceBasePath = 'src/main/webapp', contextLoader = 'org.springframework.boot.test.context.SpringBootContextLoader', parent = [null]], attributes = map['org.springframework.test.context.web.ServletTestExecutionListener.activateListener' -> true]], class annotated with @DirtiesContext [false] with mode [null].

  .   ____          _            __ _ _
 /\\ / ___'_ __ _ _(_)_ __  __ _ \ \ \ \
( ( )\___ | '_ | '_| | '_ \/ _` | \ \ \ \
 \\/  ___)| |_)| | | | | || (_| |  ) ) ) )
  '  |____| .__|_| |_|_| |_\__, | / / / /
 =========|_|==============|___/=/_/_/_/
 :: Spring Boot ::                (v2.6.3)

2022-02-03 17:27:20.354  INFO 13308 --- [    Test worker] c.e.chwblog.ChwblogApplicationTests      : Starting ChwblogApplicationTests using Java 1.8.0_322 on DESKTOP-44P6V17 with PID 13308 (started by Dell in C:\Users\Dell\chw-owo\chwblog)
2022-02-03 17:27:20.355  INFO 13308 --- [    Test worker] c.e.chwblog.ChwblogApplicationTests      : No active profile set, falling back to default profiles: default
2022-02-03 17:27:21.047  INFO 13308 --- [    Test worker] .s.d.r.c.RepositoryConfigurationDelegate : Bootstrapping Spring Data JPA repositories in DEFAULT mode.
2022-02-03 17:27:21.098  INFO 13308 --- [    Test worker] .s.d.r.c.RepositoryConfigurationDelegate : Finished Spring Data repository scanning in 44 ms. Found 3 JPA repository interfaces.
2022-02-03 17:27:21.535  INFO 13308 --- [    Test worker] o.hibernate.jpa.internal.util.LogHelper  : HHH000204: Processing PersistenceUnitInfo [name: default]
2022-02-03 17:27:21.578  INFO 13308 --- [    Test worker] org.hibernate.Version                    : HHH000412: Hibernate ORM core version 5.6.4.Final
2022-02-03 17:27:21.730  INFO 13308 --- [    Test worker] o.hibernate.annotations.common.Version   : HCANN000001: Hibernate Commons Annotations {5.1.2.Final}
2022-02-03 17:27:21.815  INFO 13308 --- [    Test worker] com.zaxxer.hikari.HikariDataSource       : HikariPool-1 - Starting...
2022-02-03 17:27:21.950  INFO 13308 --- [    Test worker] com.zaxxer.hikari.HikariDataSource       : HikariPool-1 - Start completed.
2022-02-03 17:27:21.982  INFO 13308 --- [    Test worker] org.hibernate.dialect.Dialect            : HHH000400: Using dialect: org.hibernate.dialect.H2Dialect
2022-02-03 17:27:22.697  INFO 13308 --- [    Test worker] o.h.e.t.j.p.i.JtaPlatformInitiator       : HHH000490: Using JtaPlatform implementation: [org.hibernate.engine.transaction.jta.platform.internal.NoJtaPlatform]
2022-02-03 17:27:22.801  INFO 13308 --- [    Test worker] j.LocalContainerEntityManagerFactoryBean : Initialized JPA EntityManagerFactory for persistence unit 'default'
2022-02-03 17:27:23.589  INFO 13308 --- [    Test worker] o.s.s.web.DefaultSecurityFilterChain     : Will secure Ant [pattern='/h2-console/**'] with []
2022-02-03 17:27:23.589  INFO 13308 --- [    Test worker] o.s.s.web.DefaultSecurityFilterChain     : Will secure Ant [pattern='/css/**'] with []
2022-02-03 17:27:23.589  INFO 13308 --- [    Test worker] o.s.s.web.DefaultSecurityFilterChain     : Will secure Ant [pattern='/js/**'] with []
2022-02-03 17:27:23.589  INFO 13308 --- [    Test worker] o.s.s.web.DefaultSecurityFilterChain     : Will secure Ant [pattern='/images/**'] with []
2022-02-03 17:27:23.589  INFO 13308 --- [    Test worker] o.s.s.web.DefaultSecurityFilterChain     : Will secure Ant [pattern='/lib/**'] with []
2022-02-03 17:27:23.703  INFO 13308 --- [    Test worker] o.s.s.web.DefaultSecurityFilterChain     : Will secure any request with [org.springframework.security.web.context.request.async.WebAsyncManagerIntegrationFilter@6cbbfe29, org.springframework.security.web.context.SecurityContextPersistenceFilter@41e7a544, org.springframework.security.web.header.HeaderWriterFilter@1fa18f87, org.springframework.security.web.authentication.logout.LogoutFilter@7b2d58e6, org.springframework.security.web.authentication.UsernamePasswordAuthenticationFilter@2419fe6f, org.springframework.security.web.savedrequest.RequestCacheAwareFilter@573870cb, org.springframework.security.web.servletapi.SecurityContextHolderAwareRequestFilter@3d98729a, org.springframework.security.web.authentication.AnonymousAuthenticationFilter@25823192, org.springframework.security.web.session.SessionManagementFilter@18ac4af6, org.springframework.security.web.access.ExceptionTranslationFilter@237aa0c7, org.springframework.security.web.access.intercept.FilterSecurityInterceptor@32e7b78d]
2022-02-03 17:27:24.206  INFO 13308 --- [    Test worker] o.s.b.a.h2.H2ConsoleAutoConfiguration    : H2 console available at '/h2-console'. Database available at 'jdbc:h2:mem:springcoredb'
2022-02-03 17:27:24.273  INFO 13308 --- [    Test worker] o.s.b.a.w.s.WelcomePageHandlerMapping    : Adding welcome page template: index
2022-02-03 17:27:24.677  INFO 13308 --- [    Test worker] c.e.chwblog.ChwblogApplicationTests      : Started ChwblogApplicationTests in 4.536 seconds (JVM running for 5.457)
]]></system-out>
  <system-err><![CDATA[]]></system-err>
</testsuite>
